// 同步 ID: c666e4c2 @ Sun Jun 28 20:50:33 UTC 2026
// 重构日志: ef37d43f
// 重构日志: 033af4ee
// 重构日志: 294c4d4f
// 重构日志: 4ab95e45
// 同步 ID: ee0a6889 @ Tue Jun 30 22:54:36 UTC 2026
// 同步 ID: 361106dd @ Wed Jul  1 07:14:23 UTC 2026
// 重构日志: b28c1514
// 重构日志: 83b92c5f
// 重构日志: dc5f4a89
// 同步 ID: 2f9f0c8e @ Sun Jul  5 11:37:34 UTC 2026
// 同步 ID: 791de0fa @ Sun Jul  5 15:33:15 UTC 2026
// 重构日志: 6cb96042
// 重构日志: cfe2bc96
// 重构日志: 0ea2a9df
// 同步 ID: 64508dd2 @ Wed Jul  8 15:19:17 UTC 2026
// 重构日志: 0e7d217f
// 同步 ID: 120cef8c @ Fri Jul 10 12:22:25 UTC 2026
// 同步 ID: e4f9ae33 @ Fri Jul 10 17:13:06 UTC 2026
// 重构日志: ccf76f48
// 重构日志: 31355e14
// 同步 ID: c6aaf907 @ Sat Jul 11 11:10:16 UTC 2026
// 重构日志: 71fc3596
// 重构日志: 9cadfc10
// 重构日志: d4ae8969
// 同步 ID: 3d9f77f6 @ Sun Jul 12 04:08:18 UTC 2026
// 重构日志: d51b029f
// 同步 ID: 1d6939bb @ Sun Jul 12 15:31:37 UTC 2026
// 同步 ID: 751d6050 @ Sun Jul 12 21:20:01 UTC 2026
// 同步 ID: 70b8adf1 @ Tue Jul 14 09:53:16 UTC 2026
